# Debug log cleared after conflict resolution
2026-03-14T03:40:26.401Z - [GET /dashboard] Auth failed: Missing header
2026-03-14T03:40:26.638Z - [GET /dashboard] Auth failed: Missing header
2026-03-14T03:40:27.074Z - [GET /students] Auth failed: Missing header
2026-03-14T03:40:27.136Z - [GET /students] Auth failed: Missing header
2026-03-14T03:42:03.209Z - [GET /dashboard] Auth failed: Missing header
2026-03-14T03:42:03.508Z - [GET /students] Auth failed: Missing header
2026-03-14T03:42:07.528Z - [POST /sync] Auth failed: Missing header
2026-03-14T03:42:09.863Z - [POST /sync] Auth failed: Missing header
2026-03-14T03:42:10.961Z - [POST /sync] Auth failed: Missing header
2026-03-14T03:42:16.458Z - [GET /dashboard] Auth failed: Missing header
2026-03-14T03:42:16.511Z - [GET /students] Auth failed: Missing header
2026-03-14T03:52:29.761Z - [GET /dashboard] Auth failed: Missing header
2026-03-14T03:52:29.967Z - [GET /dashboard] Auth failed: Missing header
2026-03-14T03:52:29.975Z - [GET /students] Auth failed: Missing header
2026-03-14T03:52:30.065Z - [GET /students] Auth failed: Missing header
2026-03-14T03:52:35.725Z - [POST /sync] Auth failed: Missing header
2026-03-14T03:52:37.248Z - [POST /sync] Auth failed: Missing header
2026-03-14T03:52:37.458Z - [POST /sync] Auth failed: Missing header
2026-03-14T03:52:38.599Z - [POST /sync] Auth failed: Missing header
2026-03-14T03:53:55.839Z - Top-level process.env.SUPABASE_URL set: true
2026-03-14T03:53:55.840Z - JWT Secret set: true
2026-03-14T03:56:16.152Z - [GET /dashboard] Auth failed: Missing header
2026-03-14T03:56:16.550Z - [GET /dashboard] Auth failed: Missing header
2026-03-14T03:56:16.587Z - [GET /dashboard] Auth failed: Missing header
2026-03-14T03:56:17.467Z - [GET /dashboard] Auth failed: Missing header
2026-03-14T03:56:17.870Z - [GET /students] Auth failed: Missing header
2026-03-14T03:56:17.916Z - [GET /students] Auth failed: Missing header
2026-03-14T03:56:17.935Z - [GET /students] Auth failed: Missing header
2026-03-14T03:56:21.232Z - [GET /students] Auth failed: Missing header
2026-03-14T03:56:21.482Z - [GET /dashboard] Auth failed: Missing header
2026-03-14T03:56:21.698Z - [GET /students] Auth failed: Missing header
2026-03-14T03:56:25.511Z - [POST /sync] Auth failed: Missing header
2026-03-14T03:56:34.993Z - [GET /dashboard] Auth failed: Missing header
2026-03-14T03:56:35.065Z - [GET /students] Auth failed: Missing header
2026-03-14T03:56:35.295Z - [GET /dashboard] Auth failed: Missing header
2026-03-14T03:56:35.517Z - [GET /students] Auth failed: Missing header
2026-03-14T03:56:35.858Z - [GET /dashboard] Auth failed: Missing header
2026-03-14T03:56:36.012Z - [GET /students] Auth failed: Missing header
2026-03-14T03:58:18.986Z - Top-level process.env.SUPABASE_URL set: true
2026-03-14T03:58:18.989Z - JWT Secret set: true
2026-03-14T04:02:44.405Z - [GET /dashboard] Auth failed: Missing header
2026-03-14T04:02:44.749Z - [GET /students] Auth failed: Missing header
2026-03-14T04:02:44.994Z - [GET /dashboard] Auth failed: Missing header
2026-03-14T04:02:45.049Z - [GET /students] Auth failed: Missing header
2026-03-14T04:02:48.626Z - [POST /sync] Auth failed: Missing header
2026-03-14T04:02:49.646Z - [POST /sync] Auth failed: Missing header
2026-03-14T04:07:02.429Z - [GET /dashboard] Auth failed: Missing header
2026-03-14T04:07:02.738Z - [GET /students] Auth failed: Missing header
2026-03-14T04:07:03.000Z - [GET /dashboard] Auth failed: Missing header
2026-03-14T04:07:03.047Z - [GET /students] Auth failed: Missing header
2026-03-14T04:07:14.113Z - [POST /sync] Auth failed: Missing header
2026-03-14T04:08:12.578Z - [GET /dashboard] Auth failed: Missing header
2026-03-14T04:08:19.030Z - [GET /students] Auth failed: Missing header
2026-03-14T04:08:20.623Z - [GET /dashboard] Auth failed: Missing header
2026-03-14T04:08:21.050Z - [GET /dashboard] Attempting auth for sohamstamhankar1532@gmail.com
2026-03-14T04:08:21.553Z - [GET /students] Auth failed: Missing header
2026-03-14T04:08:22.610Z - [GET /students] Attempting auth for sohamstamhankar1532@gmail.com
2026-03-14T04:21:55.803Z - [GET /dashboard] Attempting auth for sohamstamhankar1532@gmail.com
2026-03-14T04:22:00.839Z - [GET /students] Attempting auth for sohamstamhankar1532@gmail.com
2026-03-14T04:25:00.767Z - [GET /dashboard] Attempting auth for sohamstamhankar1532@gmail.com
2026-03-14T04:25:01.563Z - [GET /students] Attempting auth for sohamstamhankar1532@gmail.com
2026-03-14T04:25:40.412Z - [GET /dashboard] Attempting auth for sohamstamhankar1532@gmail.com
2026-03-14T04:25:51.923Z - [GET /students] Attempting auth for sohamstamhankar1532@gmail.com
2026-03-14T04:26:02.470Z - [GET /courses] Attempting auth for sohamstamhankar1532@gmail.com
2026-03-14T04:26:03.413Z - [GET /courses] Attempting auth for sohamstamhankar1532@gmail.com
2026-03-14T04:26:54.617Z - [POST /courses] Attempting auth for sohamstamhankar1532@gmail.com
2026-03-14T04:26:55.472Z - [GET /courses] Attempting auth for sohamstamhankar1532@gmail.com
2026-03-14T04:26:57.814Z - [GET /students] Attempting auth for sohamstamhankar1532@gmail.com
2026-03-14T04:26:58.880Z - [GET /students] Attempting auth for sohamstamhankar1532@gmail.com
2026-03-14T04:27:03.366Z - [GET /dashboard] Attempting auth for sohamstamhankar1532@gmail.com
2026-03-14T04:27:04.963Z - [GET /dashboard] Attempting auth for sohamstamhankar1532@gmail.com
2026-03-14T04:27:07.779Z - [GET /students] Attempting auth for sohamstamhankar1532@gmail.com
2026-03-14T04:27:08.908Z - [GET /students] Attempting auth for sohamstamhankar1532@gmail.com
2026-03-14T04:27:11.358Z - [POST /sync] Attempting auth for sohamstamhankar1532@gmail.com
2026-03-14T04:27:18.241Z - [GET /students] Attempting auth for sohamstamhankar1532@gmail.com
2026-03-14T04:27:31.757Z - [GET /dashboard] Attempting auth for sohamstamhankar1532@gmail.com
2026-03-14T04:27:32.308Z - [GET /dashboard] Attempting auth for sohamstamhankar1532@gmail.com
2026-03-14T04:27:32.311Z - [GET /students] Attempting auth for sohamstamhankar1532@gmail.com
2026-03-14T04:27:33.485Z - [GET /students] Attempting auth for sohamstamhankar1532@gmail.com
2026-03-14T04:28:58.450Z - [GET /dashboard] Attempting auth for sohamstamhankar1532@gmail.com
2026-03-14T04:28:59.054Z - [GET /students] Attempting auth for sohamstamhankar1532@gmail.com
2026-03-14T04:29:01.467Z - [GET /dashboard] Attempting auth for sohamstamhankar1532@gmail.com
2026-03-14T04:29:02.195Z - [GET /dashboard] Attempting auth for sohamstamhankar1532@gmail.com
2026-03-14T04:29:02.199Z - [GET /students] Attempting auth for sohamstamhankar1532@gmail.com
2026-03-14T04:29:04.002Z - [GET /students] Attempting auth for sohamstamhankar1532@gmail.com
2026-03-14T04:30:46.500Z - [GET /dashboard] Attempting auth for sohamstamhankar1532@gmail.com
2026-03-14T04:30:47.435Z - [GET /students] Attempting auth for sohamstamhankar1532@gmail.com
2026-03-14T04:34:47.021Z - [GET /dashboard] Attempting auth for sohamstamhankar1532@gmail.com
2026-03-14T04:34:47.776Z - [GET /students] Attempting auth for sohamstamhankar1532@gmail.com
2026-03-14T04:36:24.460Z - [GET /dashboard] Attempting auth for sohamstamhankar1532@gmail.com
2026-03-14T04:36:25.505Z - [GET /students] Attempting auth for sohamstamhankar1532@gmail.com
2026-03-14T04:36:27.842Z - [GET /dashboard] Attempting auth for sohamstamhankar1532@gmail.com
2026-03-14T04:36:28.271Z - [GET /dashboard] Attempting auth for sohamstamhankar1532@gmail.com
2026-03-14T04:36:29.537Z - [GET /students] Attempting auth for sohamstamhankar1532@gmail.com
2026-03-14T04:36:30.192Z - [GET /students] Attempting auth for sohamstamhankar1532@gmail.com
2026-03-14T04:36:48.776Z - [GET /dashboard] Attempting auth for sohamstamhankar1532@gmail.com
2026-03-14T04:36:49.584Z - [GET /dashboard] Attempting auth for sohamstamhankar1532@gmail.com
2026-03-14T04:36:49.587Z - [GET /students] Attempting auth for sohamstamhankar1532@gmail.com
2026-03-14T04:36:50.891Z - [GET /students] Attempting auth for sohamstamhankar1532@gmail.com
2026-03-14T05:01:45.344Z - [GET /dashboard] Attempting auth for sohamstamhankar1532@gmail.com
2026-03-14T05:01:47.881Z - [GET /students] Attempting auth for sohamstamhankar1532@gmail.com
2026-03-14T05:02:05.380Z - [GET /courses] Attempting auth for sohamstamhankar1532@gmail.com
2026-03-14T05:02:06.059Z - [GET /courses] Attempting auth for sohamstamhankar1532@gmail.com
2026-03-14T05:02:06.888Z - [GET /students] Attempting auth for sohamstamhankar1532@gmail.com
2026-03-14T05:02:07.595Z - [GET /students] Attempting auth for sohamstamhankar1532@gmail.com
2026-03-14T05:02:08.625Z - [GET /dashboard] Attempting auth for sohamstamhankar1532@gmail.com
2026-03-14T05:02:08.943Z - [GET /dashboard] Attempting auth for sohamstamhankar1532@gmail.com
2026-03-14T05:02:11.891Z - [GET /students] Attempting auth for sohamstamhankar1532@gmail.com
2026-03-14T05:02:12.678Z - [GET /students] Attempting auth for sohamstamhankar1532@gmail.com
2026-03-14T06:02:01.048Z - [GET /students] Attempting auth for sohamstamhankar1532@gmail.com
2026-03-14T06:02:02.263Z - [GET /dashboard] Attempting auth for sohamstamhankar1532@gmail.com
2026-03-14T06:02:03.847Z - [GET /dashboard] Attempting auth for sohamstamhankar1532@gmail.com
2026-03-14T06:02:03.897Z - [GET /students] Attempting auth for sohamstamhankar1532@gmail.com
2026-03-14T06:02:14.561Z -  Supabase verify FAILED for sohamstamhankar1532@gmail.com: fetch failed
2026-03-14T06:02:22.839Z -  Supabase verify FAILED for sohamstamhankar1532@gmail.com: fetch failed
2026-03-14T06:02:22.857Z - [GET /dashboard] Attempting auth for sohamstamhankar1532@gmail.com
2026-03-14T06:02:22.860Z - [GET /students] Attempting auth for sohamstamhankar1532@gmail.com
2026-03-14T06:02:23.360Z - [GET /dashboard] Attempting auth for sohamstamhankar1532@gmail.com
2026-03-14T06:02:24.243Z - [GET /students] Attempting auth for sohamstamhankar1532@gmail.com
2026-03-14T06:02:25.088Z - [GET /students] Attempting auth for sohamstamhankar1532@gmail.com
2026-03-14T06:10:03.117Z - [GET /dashboard] Attempting auth for sohamstamhankar1532@gmail.com
2026-03-14T06:10:04.160Z - [GET /students] Attempting auth for sohamstamhankar1532@gmail.com
2026-03-14T06:10:32.998Z - [GET /dashboard] Attempting auth for sohamstamhankar1532@gmail.com
2026-03-14T06:10:33.404Z - [GET /students] Attempting auth for sohamstamhankar1532@gmail.com
2026-03-14T06:14:19.508Z - [GET /dashboard] Attempting auth for sohamstamhankar1532@gmail.com
2026-03-14T06:14:20.249Z - [GET /students] Attempting auth for sohamstamhankar1532@gmail.com
2026-03-14T06:14:20.984Z - [GET /students] Attempting auth for sohamstamhankar1532@gmail.com
2026-03-14T06:14:21.347Z - [GET /students] Attempting auth for sohamstamhankar1532@gmail.com
2026-03-14T06:14:24.260Z - [POST /sync] Attempting auth for sohamstamhankar1532@gmail.com
2026-03-14T06:14:30.829Z - [GET /students] Attempting auth for sohamstamhankar1532@gmail.com
2026-03-14T06:14:35.202Z - [GET /dashboard] Attempting auth for sohamstamhankar1532@gmail.com
2026-03-14T06:14:35.867Z - [GET /dashboard] Attempting auth for sohamstamhankar1532@gmail.com
2026-03-14T06:14:35.877Z - [GET /students] Attempting auth for sohamstamhankar1532@gmail.com
2026-03-14T06:14:36.852Z - [POST /sync] Attempting auth for sohamstamhankar1532@gmail.com
2026-03-14T06:14:37.450Z - [GET /students] Attempting auth for sohamstamhankar1532@gmail.com
2026-03-14T06:14:45.797Z - [GET /dashboard] Attempting auth for sohamstamhankar1532@gmail.com
2026-03-14T06:14:46.499Z - [GET /students] Attempting auth for sohamstamhankar1532@gmail.com
2026-03-14T06:14:50.415Z - [GET /students] Attempting auth for sohamstamhankar1532@gmail.com
2026-03-14T06:14:50.756Z - [GET /students] Attempting auth for sohamstamhankar1532@gmail.com
2026-03-14T06:14:54.618Z - [GET /students] Attempting auth for sohamstamhankar1532@gmail.com
2026-03-14T06:14:55.093Z - [GET /students] Attempting auth for sohamstamhankar1532@gmail.com
2026-03-14T06:14:58.144Z - [POST /sync] Attempting auth for sohamstamhankar1532@gmail.com
2026-03-14T06:15:04.355Z - [GET /students] Attempting auth for sohamstamhankar1532@gmail.com
2026-03-14T06:15:18.556Z - [GET /dashboard] Attempting auth for sohamstamhankar1532@gmail.com
2026-03-14T06:15:18.909Z - [GET /dashboard] Attempting auth for sohamstamhankar1532@gmail.com
2026-03-14T06:15:18.911Z - [GET /students] Attempting auth for sohamstamhankar1532@gmail.com
2026-03-14T06:15:19.605Z - [GET /students] Attempting auth for sohamstamhankar1532@gmail.com
2026-03-14T06:15:25.846Z - [GET /dashboard] Attempting auth for sohamstamhankar1532@gmail.com
2026-03-14T06:15:26.212Z - [GET /dashboard] Attempting auth for sohamstamhankar1532@gmail.com
2026-03-14T06:15:26.224Z - [GET /students] Attempting auth for sohamstamhankar1532@gmail.com
2026-03-14T06:15:26.791Z - [GET /students] Attempting auth for sohamstamhankar1532@gmail.com
2026-03-14T06:15:45.852Z - [GET /students] Attempting auth for sohamstamhankar1532@gmail.com
2026-03-14T06:15:46.299Z - [GET /students] Attempting auth for sohamstamhankar1532@gmail.com
2026-03-14T06:15:48.506Z - [POST /sync] Attempting auth for sohamstamhankar1532@gmail.com
2026-03-14T06:15:54.337Z - [GET /students] Attempting auth for sohamstamhankar1532@gmail.com
2026-03-14T06:19:06.873Z - [GET /students] Attempting auth for sohamstamhankar1532@gmail.com
2026-03-14T06:19:18.023Z -  Supabase verify FAILED for sohamstamhankar1532@gmail.com: Auth session missing!
2026-03-14T06:19:40.939Z - [GET /dashboard] Attempting auth for sohamstamhankar1532@gmail.com
2026-03-14T06:19:41.429Z -  Supabase verify FAILED for sohamstamhankar1532@gmail.com: Auth session missing!
2026-03-14T06:19:41.445Z - [GET /dashboard] Attempting auth for sohamstamhankar1532@gmail.com
2026-03-14T06:19:41.487Z -  Supabase verify FAILED for sohamstamhankar1532@gmail.com: Auth session missing!
2026-03-14T06:19:44.022Z - [GET /students] Attempting auth for sohamstamhankar1532@gmail.com
2026-03-14T06:19:44.059Z -  Supabase verify FAILED for sohamstamhankar1532@gmail.com: Auth session missing!
2026-03-14T06:19:44.080Z - [GET /students] Attempting auth for sohamstamhankar1532@gmail.com
2026-03-14T06:19:44.129Z -  Supabase verify FAILED for sohamstamhankar1532@gmail.com: Auth session missing!
2026-03-14T06:19:52.125Z - [GET /dashboard] Attempting auth for sohamstamhankar1532@gmail.com
2026-03-14T06:19:52.198Z -  Supabase verify FAILED for sohamstamhankar1532@gmail.com: Auth session missing!
2026-03-14T06:19:52.212Z - [GET /students] Attempting auth for sohamstamhankar1532@gmail.com
2026-03-14T06:19:52.257Z -  Supabase verify FAILED for sohamstamhankar1532@gmail.com: Auth session missing!
2026-03-14T06:22:54.398Z - Top-level process.env.SUPABASE_URL set: true
2026-03-14T06:22:54.400Z - JWT Secret set: true
2026-03-14T06:23:05.899Z - GET /users/me?email=sohamstamhankar1532%40gmail.com
2026-03-14T06:23:08.313Z - GET /users/me?email=sohamstamhankar1532%40gmail.com
2026-03-14T06:23:08.320Z - GET /faculty/dashboard
2026-03-14T06:23:08.349Z - [GET /dashboard] Attempting auth for sohamstamhankar1532@gmail.com
2026-03-14T06:23:09.216Z - POST /faculty/sync
2026-03-14T06:23:09.217Z - [POST /sync] Attempting auth for sohamstamhankar1532@gmail.com
2026-03-14T06:23:10.003Z -  Supabase verify FAILED for sohamstamhankar1532@gmail.com: Auth session missing!
2026-03-14T06:23:10.020Z -  Supabase verify FAILED for sohamstamhankar1532@gmail.com: Auth session missing!
2026-03-14T06:23:10.181Z - GET /faculty/dashboard
2026-03-14T06:23:10.182Z - [GET /dashboard] Attempting auth for sohamstamhankar1532@gmail.com
2026-03-14T06:23:10.213Z - GET /faculty/students
2026-03-14T06:23:10.230Z - [GET /students] Attempting auth for sohamstamhankar1532@gmail.com
2026-03-14T06:23:10.252Z -  Supabase verify FAILED for sohamstamhankar1532@gmail.com: Auth session missing!
2026-03-14T06:23:10.285Z -  Supabase verify FAILED for sohamstamhankar1532@gmail.com: Auth session missing!
2026-03-14T06:23:10.381Z - GET /faculty/students
2026-03-14T06:23:10.382Z - [GET /students] Attempting auth for sohamstamhankar1532@gmail.com
2026-03-14T06:23:10.502Z -  Supabase verify FAILED for sohamstamhankar1532@gmail.com: Auth session missing!
2026-03-14T06:24:31.702Z - GET /users/me?email=sohamstamhankar1532%40gmail.com
2026-03-14T06:24:33.907Z - GET /users/me?email=sohamstamhankar1532%40gmail.com
2026-03-14T06:24:33.916Z - GET /faculty/dashboard
2026-03-14T06:24:33.917Z - [GET /dashboard] Attempting auth for sohamstamhankar1532@gmail.com
2026-03-14T06:24:34.076Z -  Supabase verify FAILED for sohamstamhankar1532@gmail.com: Auth session missing!
2026-03-14T06:24:34.155Z - GET /faculty/dashboard
2026-03-14T06:24:34.155Z - [GET /dashboard] Attempting auth for sohamstamhankar1532@gmail.com
2026-03-14T06:24:34.159Z - GET /faculty/students
2026-03-14T06:24:34.171Z - [GET /students] Attempting auth for sohamstamhankar1532@gmail.com
2026-03-14T06:24:34.240Z -  Supabase verify FAILED for sohamstamhankar1532@gmail.com: Auth session missing!
2026-03-14T06:24:34.571Z -  Supabase verify FAILED for sohamstamhankar1532@gmail.com: Auth session missing!
2026-03-14T06:24:34.604Z - GET /faculty/students
2026-03-14T06:24:34.605Z - [GET /students] Attempting auth for sohamstamhankar1532@gmail.com
2026-03-14T06:24:34.654Z -  Supabase verify FAILED for sohamstamhankar1532@gmail.com: Auth session missing!
2026-03-14T06:24:56.861Z - Top-level process.env.SUPABASE_URL set: true
2026-03-14T06:24:56.862Z - JWT Secret set: true
2026-03-14T06:26:12.727Z - GET /users/me?email=sohamstamhankar1532%40gmail.com
2026-03-14T06:26:14.278Z - GET /users/me?email=sohamstamhankar1532%40gmail.com
2026-03-14T06:26:14.287Z - GET /faculty/dashboard
2026-03-14T06:26:14.322Z - [GET /dashboard] Attempting auth for sohamstamhankar1532@gmail.com
2026-03-14T06:26:16.611Z -  Supabase SDK verify failed for sohamstamhankar1532@gmail.com: Auth session missing!
2026-03-14T06:26:16.612Z -  Attempting manual JWT verification for sohamstamhankar1532@gmail.com...
2026-03-14T06:26:16.690Z -  Manual verification FAILED for sohamstamhankar1532@gmail.com: invalid algorithm
2026-03-14T06:26:19.726Z - GET /users/me?email=sohamstamhankar1532%40gmail.com
2026-03-14T06:26:20.137Z - GET /users/me?email=sohamstamhankar1532%40gmail.com
2026-03-14T06:26:20.711Z - GET /faculty/dashboard
2026-03-14T06:26:20.726Z - [GET /dashboard] Attempting auth for sohamstamhankar1532@gmail.com
2026-03-14T06:26:21.241Z -  Supabase SDK verify failed for sohamstamhankar1532@gmail.com: Auth session missing!
2026-03-14T06:26:21.242Z -  Attempting manual JWT verification for sohamstamhankar1532@gmail.com...
2026-03-14T06:26:21.243Z -  Manual verification FAILED for sohamstamhankar1532@gmail.com: invalid algorithm
2026-03-14T06:26:21.310Z - GET /faculty/dashboard
2026-03-14T06:26:21.310Z - [GET /dashboard] Attempting auth for sohamstamhankar1532@gmail.com
2026-03-14T06:26:21.325Z - GET /faculty/students
2026-03-14T06:26:21.325Z - [GET /students] Attempting auth for sohamstamhankar1532@gmail.com
2026-03-14T06:26:21.708Z -  Supabase SDK verify failed for sohamstamhankar1532@gmail.com: Auth session missing!
2026-03-14T06:26:21.708Z -  Attempting manual JWT verification for sohamstamhankar1532@gmail.com...
2026-03-14T06:26:21.709Z -  Manual verification FAILED for sohamstamhankar1532@gmail.com: invalid algorithm
2026-03-14T06:26:21.725Z -  Supabase SDK verify failed for sohamstamhankar1532@gmail.com: Auth session missing!
2026-03-14T06:26:21.725Z -  Attempting manual JWT verification for sohamstamhankar1532@gmail.com...
2026-03-14T06:26:21.726Z -  Manual verification FAILED for sohamstamhankar1532@gmail.com: invalid algorithm
2026-03-14T06:26:21.745Z - GET /faculty/students
2026-03-14T06:26:21.745Z - [GET /students] Attempting auth for sohamstamhankar1532@gmail.com
2026-03-14T06:26:21.792Z -  Supabase SDK verify failed for sohamstamhankar1532@gmail.com: Auth session missing!
2026-03-14T06:26:21.792Z -  Attempting manual JWT verification for sohamstamhankar1532@gmail.com...
2026-03-14T06:26:21.793Z -  Manual verification FAILED for sohamstamhankar1532@gmail.com: invalid algorithm
2026-03-14T06:26:22.275Z - POST /faculty/sync
2026-03-14T06:26:22.276Z - [POST /sync] Attempting auth for sohamstamhankar1532@gmail.com
2026-03-14T06:26:22.325Z -  Supabase SDK verify failed for sohamstamhankar1532@gmail.com: Auth session missing!
2026-03-14T06:26:22.325Z -  Attempting manual JWT verification for sohamstamhankar1532@gmail.com...
2026-03-14T06:26:22.326Z -  Manual verification FAILED for sohamstamhankar1532@gmail.com: invalid algorithm
2026-03-14T06:26:24.008Z - POST /faculty/sync
2026-03-14T06:26:24.009Z - [POST /sync] Attempting auth for sohamstamhankar1532@gmail.com
2026-03-14T06:26:24.054Z -  Supabase SDK verify failed for sohamstamhankar1532@gmail.com: Auth session missing!
2026-03-14T06:26:24.055Z -  Attempting manual JWT verification for sohamstamhankar1532@gmail.com...
2026-03-14T06:26:24.059Z -  Manual verification FAILED for sohamstamhankar1532@gmail.com: invalid algorithm
2026-03-14T06:27:28.355Z - Top-level process.env.SUPABASE_URL set: true
2026-03-14T06:27:28.356Z - JWT Secret set: true
2026-03-14T06:27:36.385Z - Top-level process.env.SUPABASE_URL set: true
2026-03-14T06:27:36.386Z - JWT Secret set: true
2026-03-14T06:27:43.901Z - GET /users/me?email=sohamstamhankar1532%40gmail.com
2026-03-14T06:28:13.162Z - GET /users/me?email=sohamstamhankar1532%40gmail.com
2026-03-14T06:28:18.080Z - GET /users/me?email=sohamstamhankar1532%40gmail.com
2026-03-14T06:28:18.095Z - GET /faculty/dashboard
2026-03-14T06:28:18.110Z - [GET /dashboard] Attempting auth for sohamstamhankar1532@gmail.com. Token Algorithm: ES256
2026-03-14T06:28:18.913Z - GET /users/me?email=sohamstamhankar1532%40gmail.com
2026-03-14T06:28:19.542Z -  Supabase SDK verify failed for sohamstamhankar1532@gmail.com: Auth session missing!
2026-03-14T06:28:19.543Z -  Attempting manual JWT verification for sohamstamhankar1532@gmail.com with ES256...
2026-03-14T06:28:19.644Z -  Manual verification FAILED for sohamstamhankar1532@gmail.com: secretOrPublicKey must be an asymmetric key when using ES256
2026-03-14T06:28:19.843Z - GET /faculty/dashboard
2026-03-14T06:28:19.845Z - [GET /dashboard] Attempting auth for sohamstamhankar1532@gmail.com. Token Algorithm: ES256
2026-03-14T06:28:19.861Z - GET /faculty/students
2026-03-14T06:28:19.874Z - [GET /students] Attempting auth for sohamstamhankar1532@gmail.com. Token Algorithm: ES256
2026-03-14T06:28:20.011Z -  Supabase SDK verify failed for sohamstamhankar1532@gmail.com: Auth session missing!
2026-03-14T06:28:20.028Z -  Attempting manual JWT verification for sohamstamhankar1532@gmail.com with ES256...
2026-03-14T06:28:20.029Z -  Manual verification FAILED for sohamstamhankar1532@gmail.com: secretOrPublicKey must be an asymmetric key when using ES256
2026-03-14T06:28:20.094Z - GET /faculty/dashboard
2026-03-14T06:28:20.095Z - [GET /dashboard] Attempting auth for sohamstamhankar1532@gmail.com. Token Algorithm: ES256
2026-03-14T06:28:20.144Z -  Supabase SDK verify failed for sohamstamhankar1532@gmail.com: Auth session missing!
2026-03-14T06:28:20.144Z -  Attempting manual JWT verification for sohamstamhankar1532@gmail.com with ES256...
2026-03-14T06:28:20.157Z -  Manual verification FAILED for sohamstamhankar1532@gmail.com: secretOrPublicKey must be an asymmetric key when using ES256
2026-03-14T06:28:20.341Z -  Supabase SDK verify failed for sohamstamhankar1532@gmail.com: Auth session missing!
2026-03-14T06:28:20.342Z -  Attempting manual JWT verification for sohamstamhankar1532@gmail.com with ES256...
2026-03-14T06:28:20.345Z -  Manual verification FAILED for sohamstamhankar1532@gmail.com: secretOrPublicKey must be an asymmetric key when using ES256
2026-03-14T06:28:20.377Z - GET /faculty/students
2026-03-14T06:28:20.378Z - [GET /students] Attempting auth for sohamstamhankar1532@gmail.com. Token Algorithm: ES256
2026-03-14T06:28:20.424Z -  Supabase SDK verify failed for sohamstamhankar1532@gmail.com: Auth session missing!
2026-03-14T06:28:20.425Z -  Attempting manual JWT verification for sohamstamhankar1532@gmail.com with ES256...
2026-03-14T06:28:20.426Z -  Manual verification FAILED for sohamstamhankar1532@gmail.com: secretOrPublicKey must be an asymmetric key when using ES256
2026-03-14T06:28:20.460Z - GET /faculty/students
2026-03-14T06:28:20.461Z - [GET /students] Attempting auth for sohamstamhankar1532@gmail.com. Token Algorithm: ES256
2026-03-14T06:28:20.493Z -  Supabase SDK verify failed for sohamstamhankar1532@gmail.com: Auth session missing!
2026-03-14T06:28:20.493Z -  Attempting manual JWT verification for sohamstamhankar1532@gmail.com with ES256...
2026-03-14T06:28:20.494Z -  Manual verification FAILED for sohamstamhankar1532@gmail.com: secretOrPublicKey must be an asymmetric key when using ES256
2026-03-14T06:28:24.113Z - POST /faculty/sync
2026-03-14T06:28:24.125Z - [POST /sync] Attempting auth for sohamstamhankar1532@gmail.com. Token Algorithm: ES256
2026-03-14T06:28:24.157Z -  Supabase SDK verify failed for sohamstamhankar1532@gmail.com: Auth session missing!
2026-03-14T06:28:24.158Z -  Attempting manual JWT verification for sohamstamhankar1532@gmail.com with ES256...
2026-03-14T06:28:24.159Z -  Manual verification FAILED for sohamstamhankar1532@gmail.com: secretOrPublicKey must be an asymmetric key when using ES256
2026-03-14T06:28:47.981Z - Top-level process.env.SUPABASE_URL set: true
2026-03-14T06:28:47.983Z - JWT Secret set: true
2026-03-14T06:29:19.711Z - POST /faculty/sync
2026-03-14T06:29:19.725Z - [POST /sync] Attempting auth for sohamstamhankar1532@gmail.com. Token Algorithm: ES256
2026-03-14T06:29:20.437Z -  Supabase SDK verify failed for sohamstamhankar1532@gmail.com: Auth session missing!
2026-03-14T06:29:20.437Z -  Attempting manual JWT verification for sohamstamhankar1532@gmail.com with ES256...
2026-03-14T06:29:20.442Z -   Trial 1 (string secret) failed: secretOrPublicKey must be an asymmetric key when using ES256. Trying base64 buffer...
2026-03-14T06:29:20.443Z -  Manual verification FAILED for sohamstamhankar1532@gmail.com: secretOrPublicKey must be an asymmetric key when using ES256
2026-03-14T06:30:43.179Z - Top-level process.env.SUPABASE_URL set: true
2026-03-14T06:30:43.182Z - JWT Secret set: true
2026-03-14T06:31:31.256Z - Top-level process.env.SUPABASE_URL set: true
2026-03-14T06:31:31.257Z - JWT Secret set: true
2026-03-14T06:32:43.510Z - GET /admin-exists
2026-03-14T06:36:56.088Z - Top-level process.env.SUPABASE_URL set: true
2026-03-14T06:36:56.090Z - JWT Secret set: true
2026-03-14T06:39:06.625Z - Top-level process.env.SUPABASE_URL set: true
2026-03-14T06:39:06.626Z - JWT Secret set: true
2026-03-14T06:45:57.571Z - Top-level process.env.SUPABASE_URL set: true
2026-03-14T06:45:57.574Z - JWT Secret set: true
2026-03-14T06:46:34.138Z - GET /faculty/sync
2026-03-14T06:46:34.143Z - [GET /sync] Auth failed: Missing header
2026-03-14T06:48:23.823Z - GET /faculty/sync
2026-03-14T06:48:23.910Z - [GET /sync] Auth failed: Missing header
2026-03-14T06:49:36.832Z - Top-level process.env.SUPABASE_URL set: true
2026-03-14T06:49:36.836Z - JWT Secret set: true
2026-03-14T06:49:46.814Z - GET /users/me?email=sohamstamhankar1532%40gmail.com
2026-03-14T06:49:47.030Z - POST /log-middleware
2026-03-14T06:49:47.031Z - [NEXT_MIDDLEWARE] GET /faculty/dashboard | Auth: N | Role: FACULTY
2026-03-14T06:49:47.040Z - POST /log-middleware
2026-03-14T06:49:47.040Z - [NEXT_MIDDLEWARE] GET /faculty/dashboard | Auth: N | Role: FACULTY
2026-03-14T06:49:47.643Z - POST /log-middleware
2026-03-14T06:49:47.644Z - [NEXT_MIDDLEWARE] GET /faculty/dashboard | Auth: N | Role: FACULTY
2026-03-14T06:49:49.565Z - GET /users/me?email=sohamstamhankar1532%40gmail.com
2026-03-14T06:49:50.841Z - GET /users/me?email=sohamstamhankar1532%40gmail.com
2026-03-14T06:49:50.946Z - GET /faculty/dashboard
2026-03-14T06:49:51.030Z - [GET /dashboard] Attempting auth for sohamstamhankar1532@gmail.com. Alg: ES256, Iss: https://adwblfqtrlvixsjjvqil.supabase.co/auth/v1, Exp: 1773471721 (Time left: 730s)
2026-03-14T06:49:51.541Z - POST /faculty/sync
2026-03-14T06:49:51.542Z - [POST /sync] Attempting auth for sohamstamhankar1532@gmail.com. Alg: ES256, Iss: https://adwblfqtrlvixsjjvqil.supabase.co/auth/v1, Exp: 1773471721 (Time left: 730s)
2026-03-14T06:49:51.980Z -  Supabase SDK verify failed for sohamstamhankar1532@gmail.com: Auth session missing!
2026-03-14T06:49:51.980Z -  Attempting manual JWT verification for sohamstamhankar1532@gmail.com with ES256...
2026-03-14T06:49:51.989Z -   Trial 1 (string secret) failed: secretOrPublicKey must be an asymmetric key when using ES256. Trying base64 buffer...
2026-03-14T06:49:51.990Z -  Manual verification FAILED for sohamstamhankar1532@gmail.com: secretOrPublicKey must be an asymmetric key when using ES256
2026-03-14T06:49:51.991Z -  [DEBUG BYPASS] Allowing sohamstamhankar1532@gmail.com despite verification failure (Token valid till 1773471721)
2026-03-14T06:49:51.993Z -  Supabase SDK verify failed for sohamstamhankar1532@gmail.com: Auth session missing!
2026-03-14T06:49:51.994Z -  Attempting manual JWT verification for sohamstamhankar1532@gmail.com with ES256...
2026-03-14T06:49:51.994Z -   Trial 1 (string secret) failed: secretOrPublicKey must be an asymmetric key when using ES256. Trying base64 buffer...
2026-03-14T06:49:51.995Z -  Manual verification FAILED for sohamstamhankar1532@gmail.com: secretOrPublicKey must be an asymmetric key when using ES256
2026-03-14T06:49:51.995Z -  [DEBUG BYPASS] Allowing sohamstamhankar1532@gmail.com despite verification failure (Token valid till 1773471721)
2026-03-14T06:49:52.848Z - GET /faculty/dashboard
2026-03-14T06:49:52.848Z - [GET /dashboard] Attempting auth for sohamstamhankar1532@gmail.com. Alg: ES256, Iss: https://adwblfqtrlvixsjjvqil.supabase.co/auth/v1, Exp: 1773471721 (Time left: 729s)
2026-03-14T06:49:52.857Z - GET /faculty/students
2026-03-14T06:49:52.857Z - [GET /students] Attempting auth for sohamstamhankar1532@gmail.com. Alg: ES256, Iss: https://adwblfqtrlvixsjjvqil.supabase.co/auth/v1, Exp: 1773471721 (Time left: 729s)
2026-03-14T06:49:52.889Z -  Supabase SDK verify failed for sohamstamhankar1532@gmail.com: Auth session missing!
2026-03-14T06:49:52.890Z -  Attempting manual JWT verification for sohamstamhankar1532@gmail.com with ES256...
2026-03-14T06:49:52.890Z -   Trial 1 (string secret) failed: secretOrPublicKey must be an asymmetric key when using ES256. Trying base64 buffer...
2026-03-14T06:49:52.891Z -  Manual verification FAILED for sohamstamhankar1532@gmail.com: secretOrPublicKey must be an asymmetric key when using ES256
2026-03-14T06:49:52.891Z -  [DEBUG BYPASS] Allowing sohamstamhankar1532@gmail.com despite verification failure (Token valid till 1773471721)
2026-03-14T06:49:52.907Z -  Supabase SDK verify failed for sohamstamhankar1532@gmail.com: Auth session missing!
2026-03-14T06:49:52.908Z -  Attempting manual JWT verification for sohamstamhankar1532@gmail.com with ES256...
2026-03-14T06:49:52.908Z -   Trial 1 (string secret) failed: secretOrPublicKey must be an asymmetric key when using ES256. Trying base64 buffer...
2026-03-14T06:49:52.909Z -  Manual verification FAILED for sohamstamhankar1532@gmail.com: secretOrPublicKey must be an asymmetric key when using ES256
2026-03-14T06:49:52.910Z -  [DEBUG BYPASS] Allowing sohamstamhankar1532@gmail.com despite verification failure (Token valid till 1773471721)
2026-03-14T06:49:54.007Z - GET /faculty/students
2026-03-14T06:49:54.007Z - [GET /students] Attempting auth for sohamstamhankar1532@gmail.com. Alg: ES256, Iss: https://adwblfqtrlvixsjjvqil.supabase.co/auth/v1, Exp: 1773471721 (Time left: 727s)
2026-03-14T06:49:54.042Z -  Supabase SDK verify failed for sohamstamhankar1532@gmail.com: Auth session missing!
2026-03-14T06:49:54.042Z -  Attempting manual JWT verification for sohamstamhankar1532@gmail.com with ES256...
2026-03-14T06:49:54.043Z -   Trial 1 (string secret) failed: secretOrPublicKey must be an asymmetric key when using ES256. Trying base64 buffer...
2026-03-14T06:49:54.043Z -  Manual verification FAILED for sohamstamhankar1532@gmail.com: secretOrPublicKey must be an asymmetric key when using ES256
2026-03-14T06:49:54.044Z -  [DEBUG BYPASS] Allowing sohamstamhankar1532@gmail.com despite verification failure (Token valid till 1773471721)
2026-03-14T06:50:04.108Z - GET /faculty/dashboard
2026-03-14T06:50:04.109Z - [GET /dashboard] Attempting auth for sohamstamhankar1532@gmail.com. Alg: ES256, Iss: https://adwblfqtrlvixsjjvqil.supabase.co/auth/v1, Exp: 1773471721 (Time left: 717s)
2026-03-14T06:50:04.453Z -  Supabase SDK verify failed for sohamstamhankar1532@gmail.com: Auth session missing!
2026-03-14T06:50:04.453Z -  Attempting manual JWT verification for sohamstamhankar1532@gmail.com with ES256...
2026-03-14T06:50:04.455Z -   Trial 1 (string secret) failed: secretOrPublicKey must be an asymmetric key when using ES256. Trying base64 buffer...
2026-03-14T06:50:04.456Z -  Manual verification FAILED for sohamstamhankar1532@gmail.com: secretOrPublicKey must be an asymmetric key when using ES256
2026-03-14T06:50:04.456Z -  [DEBUG BYPASS] Allowing sohamstamhankar1532@gmail.com despite verification failure (Token valid till 1773471721)
2026-03-14T06:50:04.951Z - GET /faculty/students
2026-03-14T06:50:04.952Z - [GET /students] Attempting auth for sohamstamhankar1532@gmail.com. Alg: ES256, Iss: https://adwblfqtrlvixsjjvqil.supabase.co/auth/v1, Exp: 1773471721 (Time left: 717s)
2026-03-14T06:50:05.002Z -  Supabase SDK verify failed for sohamstamhankar1532@gmail.com: Auth session missing!
2026-03-14T06:50:05.003Z -  Attempting manual JWT verification for sohamstamhankar1532@gmail.com with ES256...
2026-03-14T06:50:05.003Z -   Trial 1 (string secret) failed: secretOrPublicKey must be an asymmetric key when using ES256. Trying base64 buffer...
2026-03-14T06:50:05.004Z -  Manual verification FAILED for sohamstamhankar1532@gmail.com: secretOrPublicKey must be an asymmetric key when using ES256
2026-03-14T06:50:05.007Z -  [DEBUG BYPASS] Allowing sohamstamhankar1532@gmail.com despite verification failure (Token valid till 1773471721)
2026-03-14T06:50:09.387Z - POST /log-middleware
2026-03-14T06:50:09.388Z - [NEXT_MIDDLEWARE] GET /faculty/predictions | Auth: N | Role: FACULTY
2026-03-14T06:50:09.560Z - GET /faculty/students
2026-03-14T06:50:09.560Z - [GET /students] Attempting auth for sohamstamhankar1532@gmail.com. Alg: ES256, Iss: https://adwblfqtrlvixsjjvqil.supabase.co/auth/v1, Exp: 1773471721 (Time left: 712s)
2026-03-14T06:50:09.894Z -  Supabase SDK verify failed for sohamstamhankar1532@gmail.com: Auth session missing!
2026-03-14T06:50:09.895Z -  Attempting manual JWT verification for sohamstamhankar1532@gmail.com with ES256...
2026-03-14T06:50:09.896Z -   Trial 1 (string secret) failed: secretOrPublicKey must be an asymmetric key when using ES256. Trying base64 buffer...
2026-03-14T06:50:09.900Z -  Manual verification FAILED for sohamstamhankar1532@gmail.com: secretOrPublicKey must be an asymmetric key when using ES256
2026-03-14T06:50:09.901Z -  [DEBUG BYPASS] Allowing sohamstamhankar1532@gmail.com despite verification failure (Token valid till 1773471721)
2026-03-14T06:50:10.724Z - GET /faculty/students
2026-03-14T06:50:10.724Z - [GET /students] Attempting auth for sohamstamhankar1532@gmail.com. Alg: ES256, Iss: https://adwblfqtrlvixsjjvqil.supabase.co/auth/v1, Exp: 1773471721 (Time left: 711s)
2026-03-14T06:50:10.759Z -  Supabase SDK verify failed for sohamstamhankar1532@gmail.com: Auth session missing!
2026-03-14T06:50:10.760Z -  Attempting manual JWT verification for sohamstamhankar1532@gmail.com with ES256...
2026-03-14T06:50:10.760Z -   Trial 1 (string secret) failed: secretOrPublicKey must be an asymmetric key when using ES256. Trying base64 buffer...
2026-03-14T06:50:10.760Z -  Manual verification FAILED for sohamstamhankar1532@gmail.com: secretOrPublicKey must be an asymmetric key when using ES256
2026-03-14T06:50:10.761Z -  [DEBUG BYPASS] Allowing sohamstamhankar1532@gmail.com despite verification failure (Token valid till 1773471721)
2026-03-14T07:03:51.905Z - GET /users/me?email=sohamstamhankar1532%40gmail.com
2026-03-14T07:03:53.336Z - POST /log-middleware
2026-03-14T07:03:53.337Z - [NEXT_MIDDLEWARE] GET /faculty/dashboard | Auth: N | Role: FACULTY
2026-03-14T07:03:53.586Z - GET /faculty/dashboard
2026-03-14T07:03:53.600Z - [GET /dashboard] Attempting auth for sohamstamhankar1532@gmail.com. Alg: ES256, Iss: https://adwblfqtrlvixsjjvqil.supabase.co/auth/v1, Exp: 1773475432 (Time left: 3599s)
2026-03-14T07:03:54.821Z - GET /faculty/dashboard
2026-03-14T07:03:54.822Z - [GET /dashboard] Attempting auth for sohamstamhankar1532@gmail.com. Alg: ES256, Iss: https://adwblfqtrlvixsjjvqil.supabase.co/auth/v1, Exp: 1773475432 (Time left: 3598s)
2026-03-14T07:03:54.832Z - GET /faculty/students
2026-03-14T07:03:54.833Z - [GET /students] Attempting auth for sohamstamhankar1532@gmail.com. Alg: ES256, Iss: https://adwblfqtrlvixsjjvqil.supabase.co/auth/v1, Exp: 1773475432 (Time left: 3598s)
2026-03-14T07:03:55.704Z - GET /faculty/students
2026-03-14T07:03:55.704Z - [GET /students] Attempting auth for sohamstamhankar1532@gmail.com. Alg: ES256, Iss: https://adwblfqtrlvixsjjvqil.supabase.co/auth/v1, Exp: 1773475432 (Time left: 3597s)
2026-03-14T07:04:37.385Z - GET /users/me?email=sohamstamhankar1532%40gmail.com
2026-03-14T07:04:37.481Z - POST /log-middleware
2026-03-14T07:04:37.481Z - [NEXT_MIDDLEWARE] GET /faculty/dashboard | Auth: N | Role: FACULTY
2026-03-14T07:04:37.933Z - GET /faculty/dashboard
2026-03-14T07:04:37.933Z - [GET /dashboard] Attempting auth for sohamstamhankar1532@gmail.com. Alg: ES256, Iss: https://adwblfqtrlvixsjjvqil.supabase.co/auth/v1, Exp: 1773475478 (Time left: 3601s)
2026-03-14T07:04:39.015Z - GET /faculty/dashboard
2026-03-14T07:04:39.015Z - [GET /dashboard] Attempting auth for sohamstamhankar1532@gmail.com. Alg: ES256, Iss: https://adwblfqtrlvixsjjvqil.supabase.co/auth/v1, Exp: 1773475478 (Time left: 3599s)
2026-03-14T07:04:39.024Z - GET /faculty/students
2026-03-14T07:04:39.025Z - [GET /students] Attempting auth for sohamstamhankar1532@gmail.com. Alg: ES256, Iss: https://adwblfqtrlvixsjjvqil.supabase.co/auth/v1, Exp: 1773475478 (Time left: 3599s)
2026-03-14T07:04:39.895Z - GET /faculty/students
2026-03-14T07:04:39.895Z - [GET /students] Attempting auth for sohamstamhankar1532@gmail.com. Alg: ES256, Iss: https://adwblfqtrlvixsjjvqil.supabase.co/auth/v1, Exp: 1773475478 (Time left: 3599s)
2026-03-14T07:11:05.968Z - GET /users/me?email=sohamstamhankar1532%40gmail.com
2026-03-14T07:11:06.518Z - POST /log-middleware
2026-03-14T07:11:06.521Z - [NEXT_MIDDLEWARE] GET /faculty/dashboard | Auth: N | Role: FACULTY
2026-03-14T07:11:07.262Z - GET /faculty/dashboard
2026-03-14T07:11:07.262Z - [GET /dashboard] Attempting auth for sohamstamhankar1532@gmail.com. Alg: ES256, Iss: https://adwblfqtrlvixsjjvqil.supabase.co/auth/v1, Exp: 1773475866 (Time left: 3599s)
2026-03-14T07:11:08.393Z - GET /faculty/dashboard
2026-03-14T07:11:08.394Z - [GET /dashboard] Attempting auth for sohamstamhankar1532@gmail.com. Alg: ES256, Iss: https://adwblfqtrlvixsjjvqil.supabase.co/auth/v1, Exp: 1773475866 (Time left: 3598s)
2026-03-14T07:11:08.398Z - GET /faculty/students
2026-03-14T07:11:08.399Z - [GET /students] Attempting auth for sohamstamhankar1532@gmail.com. Alg: ES256, Iss: https://adwblfqtrlvixsjjvqil.supabase.co/auth/v1, Exp: 1773475866 (Time left: 3598s)
2026-03-14T07:11:09.936Z - GET /faculty/students
2026-03-14T07:11:09.939Z - [GET /students] Attempting auth for sohamstamhankar1532@gmail.com. Alg: ES256, Iss: https://adwblfqtrlvixsjjvqil.supabase.co/auth/v1, Exp: 1773475866 (Time left: 3597s)
2026-03-14T07:11:58.691Z - POST /log-middleware
2026-03-14T07:11:58.691Z - [NEXT_MIDDLEWARE] GET /faculty/courses | Auth: N | Role: FACULTY
2026-03-14T07:11:58.918Z - GET /faculty/courses
2026-03-14T07:11:58.921Z - [GET /courses] Attempting auth for sohamstamhankar1532@gmail.com. Alg: ES256, Iss: https://adwblfqtrlvixsjjvqil.supabase.co/auth/v1, Exp: 1773475866 (Time left: 3548s)
2026-03-14T07:11:59.436Z - GET /faculty/courses
2026-03-14T07:11:59.436Z - [GET /courses] Attempting auth for sohamstamhankar1532@gmail.com. Alg: ES256, Iss: https://adwblfqtrlvixsjjvqil.supabase.co/auth/v1, Exp: 1773475866 (Time left: 3547s)
2026-03-14T07:12:12.473Z - POST /faculty/courses
2026-03-14T07:12:12.474Z - [POST /courses] Attempting auth for sohamstamhankar1532@gmail.com. Alg: ES256, Iss: https://adwblfqtrlvixsjjvqil.supabase.co/auth/v1, Exp: 1773475866 (Time left: 3534s)
2026-03-14T07:12:12.707Z - GET /faculty/courses
2026-03-14T07:12:12.708Z - [GET /courses] Attempting auth for sohamstamhankar1532@gmail.com. Alg: ES256, Iss: https://adwblfqtrlvixsjjvqil.supabase.co/auth/v1, Exp: 1773475866 (Time left: 3534s)
2026-03-14T07:12:15.137Z - POST /log-middleware
2026-03-14T07:12:15.137Z - [NEXT_MIDDLEWARE] GET /faculty/students | Auth: N | Role: FACULTY
2026-03-14T07:12:15.286Z - GET /faculty/students
2026-03-14T07:12:15.287Z - [GET /students] Attempting auth for sohamstamhankar1532@gmail.com. Alg: ES256, Iss: https://adwblfqtrlvixsjjvqil.supabase.co/auth/v1, Exp: 1773475866 (Time left: 3531s)
2026-03-14T07:12:15.831Z - GET /faculty/students
2026-03-14T07:12:15.832Z - [GET /students] Attempting auth for sohamstamhankar1532@gmail.com. Alg: ES256, Iss: https://adwblfqtrlvixsjjvqil.supabase.co/auth/v1, Exp: 1773475866 (Time left: 3531s)
2026-03-14T07:12:22.674Z - POST /log-middleware
2026-03-14T07:12:22.674Z - [NEXT_MIDDLEWARE] GET /faculty/analytics | Auth: N | Role: FACULTY
2026-03-14T07:12:22.840Z - GET /faculty/dashboard
2026-03-14T07:12:22.841Z - [GET /dashboard] Attempting auth for sohamstamhankar1532@gmail.com. Alg: ES256, Iss: https://adwblfqtrlvixsjjvqil.supabase.co/auth/v1, Exp: 1773475866 (Time left: 3524s)
2026-03-14T07:12:23.523Z - GET /faculty/dashboard
2026-03-14T07:12:23.524Z - [GET /dashboard] Attempting auth for sohamstamhankar1532@gmail.com. Alg: ES256, Iss: https://adwblfqtrlvixsjjvqil.supabase.co/auth/v1, Exp: 1773475866 (Time left: 3523s)
2026-03-14T07:12:29.967Z - POST /log-middleware
2026-03-14T07:12:29.968Z - [NEXT_MIDDLEWARE] GET /faculty/predictions | Auth: N | Role: FACULTY
2026-03-14T07:12:30.103Z - GET /faculty/students
2026-03-14T07:12:30.104Z - [GET /students] Attempting auth for sohamstamhankar1532@gmail.com. Alg: ES256, Iss: https://adwblfqtrlvixsjjvqil.supabase.co/auth/v1, Exp: 1773475866 (Time left: 3516s)
2026-03-14T07:12:30.952Z - GET /faculty/students
2026-03-14T07:12:30.953Z - [GET /students] Attempting auth for sohamstamhankar1532@gmail.com. Alg: ES256, Iss: https://adwblfqtrlvixsjjvqil.supabase.co/auth/v1, Exp: 1773475866 (Time left: 3516s)
2026-03-14T07:13:21.252Z - POST /log-middleware
2026-03-14T07:13:21.255Z - [NEXT_MIDDLEWARE] GET /faculty/settings | Auth: N | Role: FACULTY
2026-03-14T07:16:24.361Z - GET /users/me?email=sohamstamhankar1532%40gmail.com
2026-03-14T07:16:24.565Z - POST /log-middleware
2026-03-14T07:16:24.565Z - [NEXT_MIDDLEWARE] GET /faculty/dashboard | Auth: N | Role: FACULTY
2026-03-14T07:16:25.040Z - GET /faculty/dashboard
2026-03-14T07:16:25.041Z - [GET /dashboard] Attempting auth for sohamstamhankar1532@gmail.com. Alg: ES256, Iss: https://adwblfqtrlvixsjjvqil.supabase.co/auth/v1, Exp: 1773476185 (Time left: 3600s)
2026-03-14T07:16:26.024Z - GET /faculty/dashboard
2026-03-14T07:16:26.025Z - [GET /dashboard] Attempting auth for sohamstamhankar1532@gmail.com. Alg: ES256, Iss: https://adwblfqtrlvixsjjvqil.supabase.co/auth/v1, Exp: 1773476185 (Time left: 3599s)
2026-03-14T07:16:26.040Z - GET /faculty/students
2026-03-14T07:16:26.041Z - [GET /students] Attempting auth for sohamstamhankar1532@gmail.com. Alg: ES256, Iss: https://adwblfqtrlvixsjjvqil.supabase.co/auth/v1, Exp: 1773476185 (Time left: 3599s)
2026-03-14T07:16:27.842Z - GET /faculty/students
2026-03-14T07:16:27.842Z - [GET /students] Attempting auth for sohamstamhankar1532@gmail.com. Alg: ES256, Iss: https://adwblfqtrlvixsjjvqil.supabase.co/auth/v1, Exp: 1773476185 (Time left: 3598s)
2026-03-14T07:16:33.004Z - GET /users/me?email=sohamstamhankar1532%40gmail.com
2026-03-14T07:16:33.069Z - GET /users/me?email=sohamstamhankar1532%40gmail.com
2026-03-14T07:16:33.123Z - GET /api/ai/knowledge
2026-03-14T07:16:33.124Z - [GET /knowledge] Attempting auth for sohamstamhankar1532@gmail.com. Alg: ES256, Iss: https://adwblfqtrlvixsjjvqil.supabase.co/auth/v1, Exp: 1773476185 (Time left: 3592s)
2026-03-14T07:16:33.132Z - GET /users/me?email=sohamstamhankar1532%40gmail.com
2026-03-14T07:16:33.563Z - GET /api/ai/knowledge
2026-03-14T07:16:33.564Z - [GET /knowledge] Attempting auth for sohamstamhankar1532@gmail.com. Alg: ES256, Iss: https://adwblfqtrlvixsjjvqil.supabase.co/auth/v1, Exp: 1773476185 (Time left: 3592s)
2026-03-14T07:16:33.715Z - GET /api/ai/knowledge
2026-03-14T07:16:33.716Z - [GET /knowledge] Attempting auth for sohamstamhankar1532@gmail.com. Alg: ES256, Iss: https://adwblfqtrlvixsjjvqil.supabase.co/auth/v1, Exp: 1773476185 (Time left: 3592s)
2026-03-14T07:17:41.817Z - GET /users/me?email=sohamstamhankar1532%40gmail.com
2026-03-14T07:17:41.906Z - GET /api/ai/knowledge
2026-03-14T07:17:41.909Z - [GET /knowledge] Attempting auth for sohamstamhankar1532@gmail.com. Alg: ES256, Iss: https://adwblfqtrlvixsjjvqil.supabase.co/auth/v1, Exp: 1773476185 (Time left: 3524s)
2026-03-21T04:46:37.334Z - Top-level process.env.SUPABASE_URL set: true
2026-03-21T04:46:37.336Z - JWT Secret set: true
2026-03-21T04:52:56.028Z - GET /users/me?email=aryanlokare233%40gmail.com
2026-03-21T04:53:00.261Z - POST /log-middleware
2026-03-21T04:53:00.326Z - [NEXT_MIDDLEWARE] GET /admin/dashboard | Auth: N | Role: ADMIN
2026-03-21T04:53:16.122Z - POST /log-middleware
2026-03-21T04:53:16.133Z - [NEXT_MIDDLEWARE] GET /admin/dashboard | Auth: N | Role: ADMIN
2026-03-21T04:53:17.267Z - GET /users/me?email=aryanlokare233%40gmail.com
2026-03-21T04:53:17.333Z - GET /users/me?email=aryanlokare233%40gmail.com
2026-03-21T04:53:22.951Z - GET /users/me?email=aryanlokare233%40gmail.com
2026-03-21T04:53:23.018Z - GET /users/me?email=aryanlokare233%40gmail.com
2026-03-21T04:53:23.098Z - POST /log-middleware
2026-03-21T04:53:23.099Z - [NEXT_MIDDLEWARE] GET /admin/dashboard | Auth: N | Role: ADMIN
2026-03-21T04:53:23.153Z - GET /users/me?email=aryanlokare233%40gmail.com
2026-03-21T04:53:23.242Z - POST /log-middleware
2026-03-21T04:53:23.243Z - [NEXT_MIDDLEWARE] GET /admin/dashboard | Auth: N | Role: ADMIN
2026-03-21T04:53:23.431Z - POST /log-middleware
2026-03-21T04:53:23.432Z - [NEXT_MIDDLEWARE] GET /admin/dashboard | Auth: N | Role: ADMIN
2026-03-21T04:53:23.598Z - POST /log-middleware
2026-03-21T04:53:23.599Z - [NEXT_MIDDLEWARE] GET /admin/dashboard | Auth: N | Role: ADMIN
2026-03-21T04:53:25.486Z - GET /users/me?email=aryanlokare233%40gmail.com
2026-03-21T04:53:25.566Z - GET /users/me?email=aryanlokare233%40gmail.com
2026-03-21T04:53:25.667Z - GET /users/me?email=aryanlokare233%40gmail.com
2026-03-21T04:53:35.050Z - POST /log-middleware
2026-03-21T04:53:35.051Z - [NEXT_MIDDLEWARE] GET /admin | Auth: N | Role: ADMIN
2026-03-21T04:53:38.489Z - GET /users/me?email=aryanlokare233%40gmail.com
2026-03-21T04:53:38.496Z - POST /log-middleware
2026-03-21T04:53:38.497Z - [NEXT_MIDDLEWARE] GET /admin/dashboard | Auth: N | Role: ADMIN
2026-03-21T04:53:38.688Z - POST /log-middleware
2026-03-21T04:53:38.689Z - [NEXT_MIDDLEWARE] GET /admin/dashboard | Auth: N | Role: ADMIN
2026-03-21T04:53:38.692Z - GET /users/me?email=aryanlokare233%40gmail.com
2026-03-21T04:53:39.898Z - GET /users/me?email=aryanlokare233%40gmail.com
2026-03-21T04:53:39.947Z - GET /users/me?email=aryanlokare233%40gmail.com
2026-03-21T04:54:06.309Z - POST /api/ai/query
2026-03-21T04:54:17.378Z - GET /users/me?email=aryanlokare233%40gmail.com
2026-03-21T04:54:17.426Z - GET /users/me?email=aryanlokare233%40gmail.com
2026-03-21T04:54:20.645Z - GET /users/me?email=aryanlokare233%40gmail.com
2026-03-21T04:54:20.692Z - GET /users/me?email=aryanlokare233%40gmail.com
2026-03-21T04:54:20.743Z - GET /users/me?email=aryanlokare233%40gmail.com
2026-03-21T04:54:23.531Z - GET /users/me?email=aryanlokare233%40gmail.com
2026-03-21T04:54:23.644Z - GET /users/me?email=aryanlokare233%40gmail.com
2026-03-21T04:54:23.726Z - GET /users/me?email=aryanlokare233%40gmail.com
2026-03-21T04:54:26.446Z - GET /users/me?email=aryanlokare233%40gmail.com
2026-03-21T04:54:26.498Z - GET /users/me?email=aryanlokare233%40gmail.com
2026-03-21T04:54:26.548Z - GET /users/me?email=aryanlokare233%40gmail.com
2026-03-21T04:54:29.879Z - GET /users/me?email=aryanlokare233%40gmail.com
2026-03-21T04:54:29.943Z - GET /users/me?email=aryanlokare233%40gmail.com
2026-03-21T04:54:30.017Z - GET /users/me?email=aryanlokare233%40gmail.com
2026-03-21T04:54:31.656Z - POST /log-middleware
2026-03-21T04:54:31.658Z - [NEXT_MIDDLEWARE] GET /admin/dashboard | Auth: N | Role: ADMIN
2026-03-21T04:54:32.398Z - GET /users/me?email=aryanlokare233%40gmail.com
2026-03-21T04:54:32.447Z - GET /users/me?email=aryanlokare233%40gmail.com
2026-03-21T04:54:36.630Z - GET /users/me?email=aryanlokare233%40gmail.com
2026-03-21T04:54:36.716Z - GET /users/me?email=aryanlokare233%40gmail.com
2026-03-21T04:54:39.116Z - GET /users/me?email=aryanlokare233%40gmail.com
2026-03-21T04:54:39.179Z - GET /users/me?email=aryanlokare233%40gmail.com
2026-03-21T04:54:39.228Z - GET /users/me?email=aryanlokare233%40gmail.com
